<?xml version="1.0" encoding="utf-8" standalone="no"?>
<!--This file represents the results of running a test suite-->
<test-results name="Monopoly.Tests.NUnit/bin/Debug/Monopoly.Tests.NUnit.dll" total="1" errors="0" failures="0" not-run="0" inconclusive="0" ignored="0" skipped="0" invalid="0" date="2010-06-13" time="23:06:36">
  <environment nunit-version="2.5.5.10112" clr-version="4.0.30319.1" os-version="Microsoft Windows NT 6.1.7600.0" platform="Win32NT" cwd="C:\My Dropbox\DotNetDev\IronRuby\TestingSeaPound\src" machine-name="WIN-RML29LCRTNN" user="Tim" user-domain="WIN-RML29LCRTNN" />
  <culture-info current-culture="en-US" current-uiculture="en-US" />
  <test-suite type="Assembly" name="Monopoly.Tests.NUnit/bin/Debug/Monopoly.Tests.NUnit.dll" executed="True" result="Success" success="True" time="0.359" asserts="0">
    <results>
      <test-suite type="Namespace" name="Monopoly" executed="True" result="Success" success="True" time="0.344" asserts="0">
        <results>
          <test-suite type="Namespace" name="Tests" executed="True" result="Success" success="True" time="0.344" asserts="0">
            <results>
              <test-suite type="Namespace" name="NUnit" executed="True" result="Success" success="True" time="0.344" asserts="0">
                <results>
                  <test-suite type="TestFixture" name="Specification" executed="True" result="Inconclusive" success="False" time="0.016" asserts="0" />
                  <test-suite type="TestFixture" name="When_verifying_the_nunit_environment" executed="True" result="Success" success="True" time="0.266" asserts="0">
                    <results>
                      <test-case name="Monopoly.Tests.NUnit.When_verifying_the_nunit_environment.then_the_player_should_not_be_null" executed="True" result="Success" success="True" time="0.250" asserts="1" />
                    </results>
                  </test-suite>
                </results>
              </test-suite>
            </results>
          </test-suite>
        </results>
      </test-suite>
    </results>
  </test-suite>
</test-results>